[2021-06-01 14:03:11 INFO]: install::setup-logging ended
================
[2021-06-01 14:03:11 INFO]: install::start-up started
[2021-06-01 14:03:11 INFO]: install::start-up build image
[2021-06-01 14:03:11 INFO]: install::start-up running image
[2021-06-01 14:03:11 INFO]: install::start-up ended
================
[2021-06-01 14:08:50 INFO]: install::root-check started
[2021-06-01 14:08:50 INFO]: install::root-check ended
================
[2021-06-01 14:08:50 INFO]: install::docker-check started
[2021-06-01 14:08:50 INFO]: install::docker-check ended
================
[2021-06-01 14:08:50 INFO]: install::docker-compose-check started
[2021-06-01 14:08:50 INFO]: install::docker-compose-check ended
================
[2021-06-01 14:08:50 INFO]: install::tear-down started
[2021-06-01 14:08:50 INFO]: install::tear-down stoping services
[2021-06-01 14:08:50 INFO]: install::tear-down ended
================
